2019-10-25 11-21-09:   <-- GET /api/blog/detail?id=18
::1 - - [25/Oct/2019:03:21:09 +0000] "GET /api/blog/detail?id=18 HTTP/1.0" 200 151 "http://localhost:8080/detail.html?id=18" "Mozilla/5.0 (Windows NT 10.0; Win64; x64) AppleWebKit/537.36 (KHTML, like Gecko) Chrome/77.0.3865.120 Safari/537.36"
2019-10-25 11-21-09: GET /api/blog/detail?id=18 - 1ms
2019-10-25 11-21-09:   --> GET /api/blog/detail?id=18 200 4ms 109b
2019-10-25 11-21-11:   <-- GET /api/blog/detail?id=18
2019-10-25 11-21-11: GET /api/blog/detail?id=18 - 2ms
::ffff:127.0.0.1 - - [25/Oct/2019:03:21:11 +0000] "GET /api/blog/detail?id=18 HTTP/1.0" 200 151 "http://localhost:8080/detail.html?id=18" "Mozilla/5.0 (Windows NT 10.0; Win64; x64) AppleWebKit/537.36 (KHTML, like Gecko) Chrome/77.0.3865.120 Safari/537.36"
2019-10-25 11-21-11:   --> GET /api/blog/detail?id=18 200 4ms 109b
2019-10-25 11-21-13:   <-- GET /api/blog/list?author=lisi
2019-10-25 11-21-13: GET /api/blog/list?author=lisi - 3ms
::1 - - [25/Oct/2019:03:21:13 +0000] "GET /api/blog/list?author=lisi HTTP/1.0" 200 173 "http://localhost:8080/index.html?author=lisi" "Mozilla/5.0 (Windows NT 10.0; Win64; x64) AppleWebKit/537.36 (KHTML, like Gecko) Chrome/77.0.3865.120 Safari/537.36"
2019-10-25 11-21-13:   --> GET /api/blog/list?author=lisi 200 4ms 111b
2019-10-25 11-21-15:   <-- GET /api/blog/list?author=lisi
2019-10-25 11-21-15: GET /api/blog/list?author=lisi - 1ms
::ffff:127.0.0.1 - - [25/Oct/2019:03:21:15 +0000] "GET /api/blog/list?author=lisi HTTP/1.0" 200 173 "http://localhost:8080/index.html?author=lisi" "Mozilla/5.0 (Windows NT 10.0; Win64; x64) AppleWebKit/537.36 (KHTML, like Gecko) Chrome/77.0.3865.120 Safari/537.36"
2019-10-25 11-21-15:   --> GET /api/blog/list?author=lisi 200 4ms 111b
2019-10-25 11-21-16:   <-- GET /api/blog/list?author=lisi
::1 - - [25/Oct/2019:03:21:16 +0000] "GET /api/blog/list?author=lisi HTTP/1.0" 200 173 "http://localhost:8080/index.html?author=lisi" "Mozilla/5.0 (Windows NT 10.0; Win64; x64) AppleWebKit/537.36 (KHTML, like Gecko) Chrome/77.0.3865.120 Safari/537.36"
2019-10-25 11-21-16: GET /api/blog/list?author=lisi - 1ms
2019-10-25 11-21-16:   --> GET /api/blog/list?author=lisi 200 3ms 111b
2019-10-25 11-21-20:   <-- GET /api/blog/list
::ffff:127.0.0.1 - - [25/Oct/2019:03:21:20 +0000] "GET /api/blog/list HTTP/1.0" 200 607 "http://localhost:8080/" "Mozilla/5.0 (Windows NT 10.0; Win64; x64) AppleWebKit/537.36 (KHTML, like Gecko) Chrome/77.0.3865.120 Safari/537.36"
2019-10-25 11-21-20: GET /api/blog/list - 1ms
2019-10-25 11-21-20:   --> GET /api/blog/list 200 5ms 395b
